10:49:45.900 INFO - Launching a standalone Selenium Server
10:49:46.134 INFO - Java: Oracle Corporation 25.121-b13
10:49:46.134 INFO - OS: Linux 4.4.0-45-generic amd64
10:49:46.244 INFO - v2.53.0, with Core v2.53.0. Built from revision 35ae25b
10:49:46.629 INFO - Driver provider org.openqa.selenium.ie.InternetExplorerDriver registration is skipped:
registration capabilities Capabilities [{ensureCleanSession=true, browserName=internet explorer, version=, platform=WINDOWS}] does not match the current platform LINUX
10:49:46.630 INFO - Driver provider org.openqa.selenium.edge.EdgeDriver registration is skipped:
registration capabilities Capabilities [{browserName=MicrosoftEdge, version=, platform=WINDOWS}] does not match the current platform LINUX
10:49:46.630 INFO - Driver class not found: com.opera.core.systems.OperaDriver
10:49:46.630 INFO - Driver provider com.opera.core.systems.OperaDriver is not registered
10:49:46.631 INFO - Driver provider org.openqa.selenium.safari.SafariDriver registration is skipped:
registration capabilities Capabilities [{browserName=safari, version=, platform=MAC}] does not match the current platform LINUX
10:49:46.639 INFO - Driver class not found: org.openqa.selenium.htmlunit.HtmlUnitDriver
10:49:46.639 INFO - Driver provider org.openqa.selenium.htmlunit.HtmlUnitDriver is not registered
10:49:46.999 INFO - RemoteWebDriver instances should connect to: http://127.0.0.1:4444/wd/hub
10:49:46.999 INFO - Selenium Server is up and running
10:49:48.062 INFO - Executing: [new session: Capabilities [{acceptSslCerts=true, name=Demo, browserName=chrome, javascriptEnabled=true, platform=ANY}]])
10:49:48.176 INFO - Creating a new session for Capabilities [{acceptSslCerts=true, name=Demo, browserName=chrome, javascriptEnabled=true, platform=ANY}]
Starting ChromeDriver 2.29.461571 (8a88bbe0775e2a23afda0ceaf2ef7ee74e822cc5) on port 29404
Only local connections are allowed.
10:50:01.477 INFO - Done: [new session: Capabilities [{acceptSslCerts=true, name=Demo, browserName=chrome, javascriptEnabled=true, platform=ANY}]]
10:50:01.491 INFO - Executing: [get: http://cn.bing.com])
10:50:03.491 INFO - Done: [get: http://cn.bing.com]
10:50:03.497 INFO - Executing: [maximise window])
10:50:03.751 INFO - Done: [maximise window]
10:50:03.756 INFO - Executing: [find elements: By.cssSelector: body])
10:50:03.803 INFO - Done: [find elements: By.cssSelector: body]
10:50:03.812 INFO - Executing: [find elements: By.cssSelector: #sb_form_q])
10:50:03.840 INFO - Done: [find elements: By.cssSelector: #sb_form_q]
10:50:03.844 INFO - Executing: [is displayed: 1 [[ChromeDriver: chrome on LINUX (26a85dd55ea6b3a98253b932675b69d3)] -> css selector: #sb_form_q]])
10:50:03.865 INFO - Done: [is displayed: 1 [[ChromeDriver: chrome on LINUX (26a85dd55ea6b3a98253b932675b69d3)] -> css selector: #sb_form_q]]
10:50:05.873 INFO - Executing: [find element: By.cssSelector: #sb_form_q])
10:50:07.944 INFO - Done: [find element: By.cssSelector: #sb_form_q]
10:50:07.949 INFO - Executing: [send keys: 1 [[ChromeDriver: chrome on LINUX (26a85dd55ea6b3a98253b932675b69d3)] -> css selector: #sb_form_q], [用, 友, 网, 络, 股, 份, 有, 限, 公, 司]])
10:50:08.038 INFO - Done: [send keys: 1 [[ChromeDriver: chrome on LINUX (26a85dd55ea6b3a98253b932675b69d3)] -> css selector: #sb_form_q], [用, 友, 网, 络, 股, 份, 有, 限, 公, 司]]
10:50:08.044 INFO - Executing: [find element: By.cssSelector: #sb_form_go])
10:50:08.067 INFO - Done: [find element: By.cssSelector: #sb_form_go]
10:50:08.072 INFO - Executing: [click: 2 [[ChromeDriver: chrome on LINUX (26a85dd55ea6b3a98253b932675b69d3)] -> css selector: #sb_form_go]])
10:50:09.655 INFO - Done: [click: 2 [[ChromeDriver: chrome on LINUX (26a85dd55ea6b3a98253b932675b69d3)] -> css selector: #sb_form_go]]
10:50:11.662 INFO - Executing: [find elements: By.cssSelector: body])
10:50:11.672 INFO - Done: [find elements: By.cssSelector: body]
10:50:11.676 INFO - Executing: [take screenshot])
10:50:11.790 INFO - Done: [take screenshot]
10:50:11.827 INFO - Executing: [delete session: ec122890-4910-4f5e-a556-144ce8b39e25])
10:50:11.907 INFO - Done: [delete session: ec122890-4910-4f5e-a556-144ce8b39e25]
10:50:11.957 INFO - Executing: [new session: Capabilities [{acceptSslCerts=true, name=R2test, browserName=chrome, javascriptEnabled=true, platform=ANY}]])
10:50:11.960 INFO - Creating a new session for Capabilities [{acceptSslCerts=true, name=R2test, browserName=chrome, javascriptEnabled=true, platform=ANY}]
Starting ChromeDriver 2.29.461571 (8a88bbe0775e2a23afda0ceaf2ef7ee74e822cc5) on port 24975
Only local connections are allowed.
10:50:12.465 INFO - Done: [new session: Capabilities [{acceptSslCerts=true, name=R2test, browserName=chrome, javascriptEnabled=true, platform=ANY}]]
10:50:12.469 INFO - Executing: [get: http://localhost:3333/])
10:50:17.368 INFO - Done: [get: http://localhost:3333/]
10:50:17.387 INFO - Executing: [maximise window])
10:50:17.533 INFO - Done: [maximise window]
10:50:17.542 INFO - Executing: [find elements: By.cssSelector: body])
10:50:17.562 INFO - Done: [find elements: By.cssSelector: body]
10:50:17.566 INFO - Executing: [is displayed: 0 [[ChromeDriver: chrome on LINUX (d8eec68cfb57c1a86b6de06d7be556fe)] -> css selector: body]])
10:50:17.582 INFO - Done: [is displayed: 0 [[ChromeDriver: chrome on LINUX (d8eec68cfb57c1a86b6de06d7be556fe)] -> css selector: body]]
10:50:17.586 INFO - Executing: [find element: By.cssSelector: .switch-to-desktop])
10:50:18.294 WARN - Exception thrown
org.openqa.selenium.NoSuchElementException: no such element: Unable to locate element: {"method":"css selector","selector":".switch-to-desktop"}
  (Session info: chrome=58.0.3029.81)
  (Driver info: chromedriver=2.29.461571 (8a88bbe0775e2a23afda0ceaf2ef7ee74e822cc5),platform=Linux 4.4.0-45-generic x86_64) (WARNING: The server did not provide any stacktrace information)
Command duration or timeout: 20 milliseconds
For documentation on this error, please visit: http://seleniumhq.org/exceptions/no_such_element.html
Build info: version: '2.53.0', revision: '35ae25b', time: '2016-03-15 17:00:58'
System info: host: 'fanfree-LS', ip: '127.0.1.1', os.name: 'Linux', os.arch: 'amd64', os.version: '4.4.0-45-generic', java.version: '1.8.0_121'
Driver info: org.openqa.selenium.chrome.ChromeDriver
Capabilities [{applicationCacheEnabled=false, rotatable=false, mobileEmulationEnabled=false, networkConnectionEnabled=false, chrome={chromedriverVersion=2.29.461571 (8a88bbe0775e2a23afda0ceaf2ef7ee74e822cc5), userDataDir=/tmp/.org.chromium.Chromium.qv0OqD}, takesHeapSnapshot=true, pageLoadStrategy=normal, databaseEnabled=false, handlesAlerts=true, hasTouchScreen=false, version=58.0.3029.81, platform=LINUX, browserConnectionEnabled=false, nativeEvents=true, acceptSslCerts=true, locationContextEnabled=true, webStorageEnabled=true, browserName=chrome, takesScreenshot=true, javascriptEnabled=true, cssSelectorsEnabled=true, unexpectedAlertBehaviour=}]
Session ID: d8eec68cfb57c1a86b6de06d7be556fe
*** Element info: {Using=css selector, value=.switch-to-desktop}
	at sun.reflect.NativeConstructorAccessorImpl.newInstance0(Native Method)
	at sun.reflect.NativeConstructorAccessorImpl.newInstance(NativeConstructorAccessorImpl.java:62)
	at sun.reflect.DelegatingConstructorAccessorImpl.newInstance(DelegatingConstructorAccessorImpl.java:45)
	at java.lang.reflect.Constructor.newInstance(Constructor.java:423)
	at org.openqa.selenium.remote.ErrorHandler.createThrowable(ErrorHandler.java:206)
	at org.openqa.selenium.remote.ErrorHandler.throwIfResponseFailed(ErrorHandler.java:158)
	at org.openqa.selenium.remote.RemoteWebDriver.execute(RemoteWebDriver.java:678)
	at org.openqa.selenium.remote.RemoteWebDriver.findElement(RemoteWebDriver.java:363)
	at org.openqa.selenium.remote.RemoteWebDriver.findElementByCssSelector(RemoteWebDriver.java:492)
	at org.openqa.selenium.By$ByCssSelector.findElement(By.java:430)
	at org.openqa.selenium.remote.RemoteWebDriver.findElement(RemoteWebDriver.java:355)
	at sun.reflect.NativeMethodAccessorImpl.invoke0(Native Method)
	at sun.reflect.NativeMethodAccessorImpl.invoke(NativeMethodAccessorImpl.java:62)
	at sun.reflect.DelegatingMethodAccessorImpl.invoke(DelegatingMethodAccessorImpl.java:43)
	at java.lang.reflect.Method.invoke(Method.java:498)
	at org.openqa.selenium.support.events.EventFiringWebDriver$2.invoke(EventFiringWebDriver.java:103)
	at com.sun.proxy.$Proxy1.findElement(Unknown Source)
	at org.openqa.selenium.support.events.EventFiringWebDriver.findElement(EventFiringWebDriver.java:188)
	at org.openqa.selenium.remote.server.handler.FindElement.call(FindElement.java:48)
	at org.openqa.selenium.remote.server.handler.FindElement.call(FindElement.java:1)
	at java.util.concurrent.FutureTask.run(FutureTask.java:266)
	at org.openqa.selenium.remote.server.DefaultSession$1.run(DefaultSession.java:176)
	at java.util.concurrent.ThreadPoolExecutor.runWorker(ThreadPoolExecutor.java:1142)
	at java.util.concurrent.ThreadPoolExecutor$Worker.run(ThreadPoolExecutor.java:617)
	at java.lang.Thread.run(Thread.java:745)
10:50:18.324 WARN - Exception: no such element: Unable to locate element: {"method":"css selector","selector":".switch-to-desktop"}
  (Session info: chrome=58.0.3029.81)
  (Driver info: chromedriver=2.29.461571 (8a88bbe0775e2a23afda0ceaf2ef7ee74e822cc5),platform=Linux 4.4.0-45-generic x86_64) (WARNING: The server did not provide any stacktrace information)
Command duration or timeout: 20 milliseconds
For documentation on this error, please visit: http://seleniumhq.org/exceptions/no_such_element.html
Build info: version: '2.53.0', revision: '35ae25b', time: '2016-03-15 17:00:58'
System info: host: 'fanfree-LS', ip: '127.0.1.1', os.name: 'Linux', os.arch: 'amd64', os.version: '4.4.0-45-generic', java.version: '1.8.0_121'
Driver info: org.openqa.selenium.chrome.ChromeDriver
Capabilities [{applicationCacheEnabled=false, rotatable=false, mobileEmulationEnabled=false, networkConnectionEnabled=false, chrome={chromedriverVersion=2.29.461571 (8a88bbe0775e2a23afda0ceaf2ef7ee74e822cc5), userDataDir=/tmp/.org.chromium.Chromium.qv0OqD}, takesHeapSnapshot=true, pageLoadStrategy=normal, databaseEnabled=false, handlesAlerts=true, hasTouchScreen=false, version=58.0.3029.81, platform=LINUX, browserConnectionEnabled=false, nativeEvents=true, acceptSslCerts=true, locationContextEnabled=true, webStorageEnabled=true, browserName=chrome, takesScreenshot=true, javascriptEnabled=true, cssSelectorsEnabled=true, unexpectedAlertBehaviour=}]
Session ID: d8eec68cfb57c1a86b6de06d7be556fe
*** Element info: {Using=css selector, value=.switch-to-desktop}
10:50:18.370 INFO - Executing: [find element: By.cssSelector: body])
10:50:18.392 INFO - Done: [find element: By.cssSelector: body]
10:50:18.399 INFO - Executing: [get text: 0 [[ChromeDriver: chrome on LINUX (d8eec68cfb57c1a86b6de06d7be556fe)] -> css selector: body]])
10:50:18.444 INFO - Done: [get text: 0 [[ChromeDriver: chrome on LINUX (d8eec68cfb57c1a86b6de06d7be556fe)] -> css selector: body]]
10:50:18.450 INFO - Executing: [delete session: 3aa1a772-7545-490b-aed9-96308e2ec686])
10:50:18.516 INFO - Done: [delete session: 3aa1a772-7545-490b-aed9-96308e2ec686]
